<?xml version="1.0" encoding="UTF-8"?>
<!-- Generated by org.testng.reporters.JUnitReportReporter -->
<testsuite hostname="DESKTOP-TQITTE4" failures="0" tests="1" name="sample1.JenkinTest" time="5.804" errors="0" timestamp="2022-08-16T18:33:16 IST" skipped="0">
  <testcase classname="sample1.JenkinTest" name="jenkinTest" time="5.804"/>
  <system-out/>
</testsuite> <!-- sample1.JenkinTest -->
